<?xml version="1.0" encoding="UTF-8"?>
<testng-results ignored="0" total="1" passed="1" failed="0" skipped="0">
  <reporter-output>
  </reporter-output>
  <suite started-at="2021-04-27T19:42:39 IST" name="Default suite" finished-at="2021-04-27T19:42:39 IST" duration-ms="40">
    <groups>
    </groups>
    <test started-at="2021-04-27T19:42:39 IST" name="Default test" finished-at="2021-04-27T19:42:39 IST" duration-ms="40">
      <class name="com.epam.myLearning.RegressionTest">
        <test-method signature="regression()[pri:0, instance:com.epam.myLearning.RegressionTest@1e7aa82b]" started-at="2021-04-27T19:42:39 IST" name="regression" finished-at="2021-04-27T19:42:39 IST" duration-ms="13" status="PASS">
          <reporter-output>
          </reporter-output>
        </test-method> <!-- regression -->
      </class> <!-- com.epam.myLearning.RegressionTest -->
    </test> <!-- Default test -->
  </suite> <!-- Default suite -->
</testng-results>
